This is pdfTeX, Version 3.14159265-2.6-1.40.17 (TeX Live 2016) (preloaded format=pdflatex 2016.5.22)  31 AUG 2017 19:49
entering extended mode
 \write18 enabled.
 %&-line parsing enabled.
**GiordiAzonos_G14SCD_MScDissertation.tex
(./GiordiAzonos_G14SCD_MScDissertation.tex
LaTeX2e <2016/03/31>
Babel <3.9r> and hyphenation patterns for 83 language(s) loaded.
(./uonmathreport.cls
Document Class: uonmathreport 2013/07/25 Modified LaTeX document class
(/usr/local/texlive/2016/texmf-dist/tex/latex/amsmath/amsmath.sty
Package: amsmath 2016/03/10 v2.15b AMS math features
\@mathmargin=\skip41

For additional information on amsmath, use the `?' option.
(/usr/local/texlive/2016/texmf-dist/tex/latex/amsmath/amstext.sty
Package: amstext 2000/06/29 v2.01 AMS text

(/usr/local/texlive/2016/texmf-dist/tex/latex/amsmath/amsgen.sty
File: amsgen.sty 1999/11/30 v2.0 generic functions
\@emptytoks=\toks14
\ex@=\dimen102
))
(/usr/local/texlive/2016/texmf-dist/tex/latex/amsmath/amsbsy.sty
Package: amsbsy 1999/11/29 v1.2d Bold Symbols
\pmbraise@=\dimen103
)
(/usr/local/texlive/2016/texmf-dist/tex/latex/amsmath/amsopn.sty
Package: amsopn 2016/03/08 v2.02 operator names
)
\inf@bad=\count79
LaTeX Info: Redefining \frac on input line 199.
\uproot@=\count80
\leftroot@=\count81
LaTeX Info: Redefining \overline on input line 297.
\classnum@=\count82
\DOTSCASE@=\count83
LaTeX Info: Redefining \ldots on input line 394.
LaTeX Info: Redefining \dots on input line 397.
LaTeX Info: Redefining \cdots on input line 518.
\Mathstrutbox@=\box26
\strutbox@=\box27
\big@size=\dimen104
LaTeX Font Info:    Redeclaring font encoding OML on input line 634.
LaTeX Font Info:    Redeclaring font encoding OMS on input line 635.
\macc@depth=\count84
\c@MaxMatrixCols=\count85
\dotsspace@=\muskip10
\c@parentequation=\count86
\dspbrk@lvl=\count87
\tag@help=\toks15
\row@=\count88
\column@=\count89
\maxfields@=\count90
\andhelp@=\toks16
\eqnshift@=\dimen105
\alignsep@=\dimen106
\tagshift@=\dimen107
\tagwidth@=\dimen108
\totwidth@=\dimen109
\lineht@=\dimen110
\@envbody=\toks17
\multlinegap=\skip42
\multlinetaggap=\skip43
\mathdisplay@stack=\toks18
LaTeX Info: Redefining \[ on input line 2739.
LaTeX Info: Redefining \] on input line 2740.
)
(/usr/local/texlive/2016/texmf-dist/tex/latex/amsfonts/amssymb.sty
Package: amssymb 2013/01/14 v3.01 AMS font symbols

(/usr/local/texlive/2016/texmf-dist/tex/latex/amsfonts/amsfonts.sty
Package: amsfonts 2013/01/14 v3.01 Basic AMSFonts support
\symAMSa=\mathgroup4
\symAMSb=\mathgroup5
LaTeX Font Info:    Overwriting math alphabet `\mathfrak' in version `bold'
(Font)                  U/euf/m/n --> U/euf/b/n on input line 106.
))
(/usr/local/texlive/2016/texmf-dist/tex/latex/base/size12.clo
File: size12.clo 2014/09/29 v1.4h Standard LaTeX file (size option)
)
\c@part=\count91
\c@section=\count92
\c@subsection=\count93
\c@subsubsection=\count94
\c@paragraph=\count95
\c@subparagraph=\count96
\c@figure=\count97
\c@table=\count98
\abovecaptionskip=\skip44
\belowcaptionskip=\skip45
\bibindent=\dimen111

(/usr/local/texlive/2016/texmf-dist/tex/latex/geometry/geometry.sty
Package: geometry 2010/09/12 v5.6 Page Geometry

(/usr/local/texlive/2016/texmf-dist/tex/latex/graphics/keyval.sty
Package: keyval 2014/10/28 v1.15 key=value parser (DPC)
\KV@toks@=\toks19
)
(/usr/local/texlive/2016/texmf-dist/tex/generic/oberdiek/ifpdf.sty
Package: ifpdf 2016/05/14 v3.1 Provides the ifpdf switch
)
(/usr/local/texlive/2016/texmf-dist/tex/generic/oberdiek/ifvtex.sty
Package: ifvtex 2016/05/16 v1.6 Detect VTeX and its facilities (HO)
Package ifvtex Info: VTeX not detected.
)
(/usr/local/texlive/2016/texmf-dist/tex/generic/ifxetex/ifxetex.sty
Package: ifxetex 2010/09/12 v0.6 Provides ifxetex conditional
)
\Gm@cnth=\count99
\Gm@cntv=\count100
\c@Gm@tempcnt=\count101
\Gm@bindingoffset=\dimen112
\Gm@wd@mp=\dimen113
\Gm@odd@mp=\dimen114
\Gm@even@mp=\dimen115
\Gm@layoutwidth=\dimen116
\Gm@layoutheight=\dimen117
\Gm@layouthoffset=\dimen118
\Gm@layoutvoffset=\dimen119
\Gm@dimlist=\toks20
))
(/usr/local/texlive/2016/texmf-dist/tex/latex/graphics/graphicx.sty
Package: graphicx 2014/10/28 v1.0g Enhanced LaTeX Graphics (DPC,SPQR)

(/usr/local/texlive/2016/texmf-dist/tex/latex/graphics/graphics.sty
Package: graphics 2016/05/09 v1.0r Standard LaTeX Graphics (DPC,SPQR)

(/usr/local/texlive/2016/texmf-dist/tex/latex/graphics/trig.sty
Package: trig 2016/01/03 v1.10 sin cos tan (DPC)
)
(/usr/local/texlive/2016/texmf-dist/tex/latex/graphics-cfg/graphics.cfg
File: graphics.cfg 2016/01/02 v1.10 sample graphics configuration
)
Package graphics Info: Driver file: pdftex.def on input line 96.

(/usr/local/texlive/2016/texmf-dist/tex/latex/pdftex-def/pdftex.def
File: pdftex.def 2011/05/27 v0.06d Graphics/color for pdfTeX

(/usr/local/texlive/2016/texmf-dist/tex/generic/oberdiek/infwarerr.sty
Package: infwarerr 2016/05/16 v1.4 Providing info/warning/error messages (HO)
)
(/usr/local/texlive/2016/texmf-dist/tex/generic/oberdiek/ltxcmds.sty
Package: ltxcmds 2016/05/16 v1.23 LaTeX kernel commands for general use (HO)
)
\Gread@gobject=\count102
))
\Gin@req@height=\dimen120
\Gin@req@width=\dimen121
)
(/usr/local/texlive/2016/texmf-dist/tex/latex/hyperref/hyperref.sty
Package: hyperref 2016/05/05 v6.83n Hypertext links for LaTeX

(/usr/local/texlive/2016/texmf-dist/tex/generic/oberdiek/hobsub-hyperref.sty
Package: hobsub-hyperref 2016/05/16 v1.14 Bundle oberdiek, subset hyperref (HO)


(/usr/local/texlive/2016/texmf-dist/tex/generic/oberdiek/hobsub-generic.sty
Package: hobsub-generic 2016/05/16 v1.14 Bundle oberdiek, subset generic (HO)
Package: hobsub 2016/05/16 v1.14 Construct package bundles (HO)
Package hobsub Info: Skipping package `infwarerr' (already loaded).
Package hobsub Info: Skipping package `ltxcmds' (already loaded).
Package: ifluatex 2016/05/16 v1.4 Provides the ifluatex switch (HO)
Package ifluatex Info: LuaTeX not detected.
Package hobsub Info: Skipping package `ifvtex' (already loaded).
Package: intcalc 2016/05/16 v1.2 Expandable calculations with integers (HO)
Package hobsub Info: Skipping package `ifpdf' (already loaded).
Package: etexcmds 2016/05/16 v1.6 Avoid name clashes with e-TeX commands (HO)
Package etexcmds Info: Could not find \expanded.
(etexcmds)             That can mean that you are not using pdfTeX 1.50 or
(etexcmds)             that some package has redefined \expanded.
(etexcmds)             In the latter case, load this package earlier.
Package: kvsetkeys 2016/05/16 v1.17 Key value parser (HO)
Package: kvdefinekeys 2016/05/16 v1.4 Define keys (HO)
Package: pdftexcmds 2016/05/10 v0.21 Utility functions of pdfTeX for LuaTeX (HO
)
Package pdftexcmds Info: LuaTeX not detected.
Package pdftexcmds Info: \pdf@primitive is available.
Package pdftexcmds Info: \pdf@ifprimitive is available.
Package pdftexcmds Info: \pdfdraftmode found.
Package: pdfescape 2016/05/16 v1.14 Implements pdfTeX's escape features (HO)
Package: bigintcalc 2016/05/16 v1.4 Expandable calculations on big integers (HO
)
Package: bitset 2016/05/16 v1.2 Handle bit-vector datatype (HO)
Package: uniquecounter 2016/05/16 v1.3 Provide unlimited unique counter (HO)
)
Package hobsub Info: Skipping package `hobsub' (already loaded).
Package: letltxmacro 2016/05/16 v1.5 Let assignment for LaTeX macros (HO)
Package: hopatch 2016/05/16 v1.3 Wrapper for package hooks (HO)
Package: xcolor-patch 2016/05/16 xcolor patch
Package: atveryend 2016/05/16 v1.9 Hooks at the very end of document (HO)
Package atveryend Info: \enddocument detected (standard20110627).
Package: atbegshi 2016/05/16 v1.17 At begin shipout hook (HO)
Package: refcount 2016/05/16 v3.5 Data extraction from label references (HO)
Package: hycolor 2016/05/16 v1.8 Color options for hyperref/bookmark (HO)
)
(/usr/local/texlive/2016/texmf-dist/tex/latex/oberdiek/auxhook.sty
Package: auxhook 2016/05/16 v1.4 Hooks for auxiliary files (HO)
)
(/usr/local/texlive/2016/texmf-dist/tex/latex/oberdiek/kvoptions.sty
Package: kvoptions 2016/05/16 v3.12 Key value format for package options (HO)
)
\@linkdim=\dimen122
\Hy@linkcounter=\count103
\Hy@pagecounter=\count104

(/usr/local/texlive/2016/texmf-dist/tex/latex/hyperref/pd1enc.def
File: pd1enc.def 2016/05/05 v6.83n Hyperref: PDFDocEncoding definition (HO)
)
\Hy@SavedSpaceFactor=\count105

(/usr/local/texlive/2016/texmf-dist/tex/latex/latexconfig/hyperref.cfg
File: hyperref.cfg 2002/06/06 v1.2 hyperref configuration of TeXLive
)
Package hyperref Info: Hyper figures OFF on input line 4446.
Package hyperref Info: Link nesting OFF on input line 4451.
Package hyperref Info: Hyper index ON on input line 4454.
Package hyperref Info: Plain pages OFF on input line 4461.
Package hyperref Info: Backreferencing OFF on input line 4466.
Package hyperref Info: Implicit mode ON; LaTeX internals redefined.
Package hyperref Info: Bookmarks ON on input line 4691.
\c@Hy@tempcnt=\count106

(/usr/local/texlive/2016/texmf-dist/tex/latex/url/url.sty
\Urlmuskip=\muskip11
Package: url 2013/09/16  ver 3.4  Verb mode for urls, etc.
)
LaTeX Info: Redefining \url on input line 5044.
\XeTeXLinkMargin=\dimen123
\Fld@menulength=\count107
\Field@Width=\dimen124
\Fld@charsize=\dimen125
Package hyperref Info: Hyper figures OFF on input line 6298.
Package hyperref Info: Link nesting OFF on input line 6303.
Package hyperref Info: Hyper index ON on input line 6306.
Package hyperref Info: backreferencing OFF on input line 6313.
Package hyperref Info: Link coloring OFF on input line 6318.
Package hyperref Info: Link coloring with OCG OFF on input line 6323.
Package hyperref Info: PDF/A mode OFF on input line 6328.
LaTeX Info: Redefining \ref on input line 6368.
LaTeX Info: Redefining \pageref on input line 6372.
\Hy@abspage=\count108
\c@Item=\count109
\c@Hfootnote=\count110
)

Package hyperref Message: Driver (autodetected): hpdftex.

(/usr/local/texlive/2016/texmf-dist/tex/latex/hyperref/hpdftex.def
File: hpdftex.def 2016/05/05 v6.83n Hyperref driver for pdfTeX
\Fld@listcount=\count111
\c@bookmark@seq@number=\count112

(/usr/local/texlive/2016/texmf-dist/tex/latex/oberdiek/rerunfilecheck.sty
Package: rerunfilecheck 2016/05/16 v1.8 Rerun checks for auxiliary files (HO)
Package uniquecounter Info: New unique counter `rerunfilecheck' on input line 2
82.
)
\Hy@SectionHShift=\skip46
)
(/usr/local/texlive/2016/texmf-dist/tex/latex/pgf/frontendlayer/tikz.sty
(/usr/local/texlive/2016/texmf-dist/tex/latex/pgf/basiclayer/pgf.sty
(/usr/local/texlive/2016/texmf-dist/tex/latex/pgf/utilities/pgfrcs.sty
(/usr/local/texlive/2016/texmf-dist/tex/generic/pgf/utilities/pgfutil-common.te
x
\pgfutil@everybye=\toks21
\pgfutil@tempdima=\dimen126
\pgfutil@tempdimb=\dimen127

(/usr/local/texlive/2016/texmf-dist/tex/generic/pgf/utilities/pgfutil-common-li
sts.tex))
(/usr/local/texlive/2016/texmf-dist/tex/generic/pgf/utilities/pgfutil-latex.def
\pgfutil@abb=\box28
(/usr/local/texlive/2016/texmf-dist/tex/latex/ms/everyshi.sty
Package: everyshi 2001/05/15 v3.00 EveryShipout Package (MS)
))
(/usr/local/texlive/2016/texmf-dist/tex/generic/pgf/utilities/pgfrcs.code.tex
Package: pgfrcs 2015/08/07 v3.0.1a (rcs-revision 1.31)
))
Package: pgf 2015/08/07 v3.0.1a (rcs-revision 1.15)
(/usr/local/texlive/2016/texmf-dist/tex/latex/pgf/basiclayer/pgfcore.sty
(/usr/local/texlive/2016/texmf-dist/tex/latex/pgf/systemlayer/pgfsys.sty
(/usr/local/texlive/2016/texmf-dist/tex/generic/pgf/systemlayer/pgfsys.code.tex
Package: pgfsys 2014/07/09 v3.0.1a (rcs-revision 1.48)
(/usr/local/texlive/2016/texmf-dist/tex/generic/pgf/utilities/pgfkeys.code.tex
\pgfkeys@pathtoks=\toks22
\pgfkeys@temptoks=\toks23

(/usr/local/texlive/2016/texmf-dist/tex/generic/pgf/utilities/pgfkeysfiltered.c
ode.tex
\pgfkeys@tmptoks=\toks24
))
\pgf@x=\dimen128
\pgf@y=\dimen129
\pgf@xa=\dimen130
\pgf@ya=\dimen131
\pgf@xb=\dimen132
\pgf@yb=\dimen133
\pgf@xc=\dimen134
\pgf@yc=\dimen135
\w@pgf@writea=\write3
\r@pgf@reada=\read1
\c@pgf@counta=\count113
\c@pgf@countb=\count114
\c@pgf@countc=\count115
\c@pgf@countd=\count116
\t@pgf@toka=\toks25
\t@pgf@tokb=\toks26
\t@pgf@tokc=\toks27

(/usr/local/texlive/2016/texmf-dist/tex/generic/pgf/systemlayer/pgf.cfg
File: pgf.cfg 2008/05/14  (rcs-revision 1.7)
)
Driver file for pgf: pgfsys-pdftex.def

(/usr/local/texlive/2016/texmf-dist/tex/generic/pgf/systemlayer/pgfsys-pdftex.d
ef
File: pgfsys-pdftex.def 2014/10/11  (rcs-revision 1.35)

(/usr/local/texlive/2016/texmf-dist/tex/generic/pgf/systemlayer/pgfsys-common-p
df.def
File: pgfsys-common-pdf.def 2013/10/10  (rcs-revision 1.13)
)))
(/usr/local/texlive/2016/texmf-dist/tex/generic/pgf/systemlayer/pgfsyssoftpath.
code.tex
File: pgfsyssoftpath.code.tex 2013/09/09  (rcs-revision 1.9)
\pgfsyssoftpath@smallbuffer@items=\count117
\pgfsyssoftpath@bigbuffer@items=\count118
)
(/usr/local/texlive/2016/texmf-dist/tex/generic/pgf/systemlayer/pgfsysprotocol.
code.tex
File: pgfsysprotocol.code.tex 2006/10/16  (rcs-revision 1.4)
)) (/usr/local/texlive/2016/texmf-dist/tex/latex/xcolor/xcolor.sty
Package: xcolor 2016/05/11 v2.12 LaTeX color extensions (UK)

(/usr/local/texlive/2016/texmf-dist/tex/latex/graphics-cfg/color.cfg
File: color.cfg 2016/01/02 v1.6 sample color configuration
)
Package xcolor Info: Driver file: pdftex.def on input line 225.
Package xcolor Info: Model `cmy' substituted by `cmy0' on input line 1348.
Package xcolor Info: Model `hsb' substituted by `rgb' on input line 1352.
Package xcolor Info: Model `RGB' extended on input line 1364.
Package xcolor Info: Model `HTML' substituted by `rgb' on input line 1366.
Package xcolor Info: Model `Hsb' substituted by `hsb' on input line 1367.
Package xcolor Info: Model `tHsb' substituted by `hsb' on input line 1368.
Package xcolor Info: Model `HSB' substituted by `hsb' on input line 1369.
Package xcolor Info: Model `Gray' substituted by `gray' on input line 1370.
Package xcolor Info: Model `wave' substituted by `hsb' on input line 1371.
)
(/usr/local/texlive/2016/texmf-dist/tex/generic/pgf/basiclayer/pgfcore.code.tex
Package: pgfcore 2010/04/11 v3.0.1a (rcs-revision 1.7)
(/usr/local/texlive/2016/texmf-dist/tex/generic/pgf/math/pgfmath.code.tex
(/usr/local/texlive/2016/texmf-dist/tex/generic/pgf/math/pgfmathcalc.code.tex
(/usr/local/texlive/2016/texmf-dist/tex/generic/pgf/math/pgfmathutil.code.tex)
(/usr/local/texlive/2016/texmf-dist/tex/generic/pgf/math/pgfmathparser.code.tex
\pgfmath@dimen=\dimen136
\pgfmath@count=\count119
\pgfmath@box=\box29
\pgfmath@toks=\toks28
\pgfmath@stack@operand=\toks29
\pgfmath@stack@operation=\toks30
)
(/usr/local/texlive/2016/texmf-dist/tex/generic/pgf/math/pgfmathfunctions.code.
tex
(/usr/local/texlive/2016/texmf-dist/tex/generic/pgf/math/pgfmathfunctions.basic
.code.tex)
(/usr/local/texlive/2016/texmf-dist/tex/generic/pgf/math/pgfmathfunctions.trigo
nometric.code.tex)
(/usr/local/texlive/2016/texmf-dist/tex/generic/pgf/math/pgfmathfunctions.rando
m.code.tex)
(/usr/local/texlive/2016/texmf-dist/tex/generic/pgf/math/pgfmathfunctions.compa
rison.code.tex)
(/usr/local/texlive/2016/texmf-dist/tex/generic/pgf/math/pgfmathfunctions.base.
code.tex)
(/usr/local/texlive/2016/texmf-dist/tex/generic/pgf/math/pgfmathfunctions.round
.code.tex)
(/usr/local/texlive/2016/texmf-dist/tex/generic/pgf/math/pgfmathfunctions.misc.
code.tex)
(/usr/local/texlive/2016/texmf-dist/tex/generic/pgf/math/pgfmathfunctions.integ
erarithmetics.code.tex)))
(/usr/local/texlive/2016/texmf-dist/tex/generic/pgf/math/pgfmathfloat.code.tex
\c@pgfmathroundto@lastzeros=\count120
))
(/usr/local/texlive/2016/texmf-dist/tex/generic/pgf/basiclayer/pgfcorepoints.co
de.tex
File: pgfcorepoints.code.tex 2013/10/07  (rcs-revision 1.27)
\pgf@picminx=\dimen137
\pgf@picmaxx=\dimen138
\pgf@picminy=\dimen139
\pgf@picmaxy=\dimen140
\pgf@pathminx=\dimen141
\pgf@pathmaxx=\dimen142
\pgf@pathminy=\dimen143
\pgf@pathmaxy=\dimen144
\pgf@xx=\dimen145
\pgf@xy=\dimen146
\pgf@yx=\dimen147
\pgf@yy=\dimen148
\pgf@zx=\dimen149
\pgf@zy=\dimen150
)
(/usr/local/texlive/2016/texmf-dist/tex/generic/pgf/basiclayer/pgfcorepathconst
ruct.code.tex
File: pgfcorepathconstruct.code.tex 2013/10/07  (rcs-revision 1.29)
\pgf@path@lastx=\dimen151
\pgf@path@lasty=\dimen152
)
(/usr/local/texlive/2016/texmf-dist/tex/generic/pgf/basiclayer/pgfcorepathusage
.code.tex
File: pgfcorepathusage.code.tex 2014/11/02  (rcs-revision 1.24)
\pgf@shorten@end@additional=\dimen153
\pgf@shorten@start@additional=\dimen154
)
(/usr/local/texlive/2016/texmf-dist/tex/generic/pgf/basiclayer/pgfcorescopes.co
de.tex
File: pgfcorescopes.code.tex 2015/05/08  (rcs-revision 1.46)
\pgfpic=\box30
\pgf@hbox=\box31
\pgf@layerbox@main=\box32
\pgf@picture@serial@count=\count121
)
(/usr/local/texlive/2016/texmf-dist/tex/generic/pgf/basiclayer/pgfcoregraphicst
ate.code.tex
File: pgfcoregraphicstate.code.tex 2014/11/02  (rcs-revision 1.12)
\pgflinewidth=\dimen155
)
(/usr/local/texlive/2016/texmf-dist/tex/generic/pgf/basiclayer/pgfcoretransform
ations.code.tex
File: pgfcoretransformations.code.tex 2015/08/07  (rcs-revision 1.20)
\pgf@pt@x=\dimen156
\pgf@pt@y=\dimen157
\pgf@pt@temp=\dimen158
)
(/usr/local/texlive/2016/texmf-dist/tex/generic/pgf/basiclayer/pgfcorequick.cod
e.tex
File: pgfcorequick.code.tex 2008/10/09  (rcs-revision 1.3)
)
(/usr/local/texlive/2016/texmf-dist/tex/generic/pgf/basiclayer/pgfcoreobjects.c
ode.tex
File: pgfcoreobjects.code.tex 2006/10/11  (rcs-revision 1.2)
)
(/usr/local/texlive/2016/texmf-dist/tex/generic/pgf/basiclayer/pgfcorepathproce
ssing.code.tex
File: pgfcorepathprocessing.code.tex 2013/09/09  (rcs-revision 1.9)
)
(/usr/local/texlive/2016/texmf-dist/tex/generic/pgf/basiclayer/pgfcorearrows.co
de.tex
File: pgfcorearrows.code.tex 2015/05/14  (rcs-revision 1.43)
\pgfarrowsep=\dimen159
)
(/usr/local/texlive/2016/texmf-dist/tex/generic/pgf/basiclayer/pgfcoreshade.cod
e.tex
File: pgfcoreshade.code.tex 2013/07/15  (rcs-revision 1.15)
\pgf@max=\dimen160
\pgf@sys@shading@range@num=\count122
)
(/usr/local/texlive/2016/texmf-dist/tex/generic/pgf/basiclayer/pgfcoreimage.cod
e.tex
File: pgfcoreimage.code.tex 2013/07/15  (rcs-revision 1.18)

(/usr/local/texlive/2016/texmf-dist/tex/generic/pgf/basiclayer/pgfcoreexternal.
code.tex
File: pgfcoreexternal.code.tex 2014/07/09  (rcs-revision 1.21)
\pgfexternal@startupbox=\box33
))
(/usr/local/texlive/2016/texmf-dist/tex/generic/pgf/basiclayer/pgfcorelayers.co
de.tex
File: pgfcorelayers.code.tex 2013/07/18  (rcs-revision 1.7)
)
(/usr/local/texlive/2016/texmf-dist/tex/generic/pgf/basiclayer/pgfcoretranspare
ncy.code.tex
File: pgfcoretransparency.code.tex 2013/09/30  (rcs-revision 1.5)
)
(/usr/local/texlive/2016/texmf-dist/tex/generic/pgf/basiclayer/pgfcorepatterns.
code.tex
File: pgfcorepatterns.code.tex 2013/11/07  (rcs-revision 1.5)
)))
(/usr/local/texlive/2016/texmf-dist/tex/generic/pgf/modules/pgfmoduleshapes.cod
e.tex
File: pgfmoduleshapes.code.tex 2014/03/21  (rcs-revision 1.35)
\pgfnodeparttextbox=\box34
)
(/usr/local/texlive/2016/texmf-dist/tex/generic/pgf/modules/pgfmoduleplot.code.
tex
File: pgfmoduleplot.code.tex 2015/08/03  (rcs-revision 1.13)
)
(/usr/local/texlive/2016/texmf-dist/tex/latex/pgf/compatibility/pgfcomp-version
-0-65.sty
Package: pgfcomp-version-0-65 2007/07/03 v3.0.1a (rcs-revision 1.7)
\pgf@nodesepstart=\dimen161
\pgf@nodesepend=\dimen162
)
(/usr/local/texlive/2016/texmf-dist/tex/latex/pgf/compatibility/pgfcomp-version
-1-18.sty
Package: pgfcomp-version-1-18 2007/07/23 v3.0.1a (rcs-revision 1.1)
))
(/usr/local/texlive/2016/texmf-dist/tex/latex/pgf/utilities/pgffor.sty
(/usr/local/texlive/2016/texmf-dist/tex/latex/pgf/utilities/pgfkeys.sty
(/usr/local/texlive/2016/texmf-dist/tex/generic/pgf/utilities/pgfkeys.code.tex)
) (/usr/local/texlive/2016/texmf-dist/tex/latex/pgf/math/pgfmath.sty
(/usr/local/texlive/2016/texmf-dist/tex/generic/pgf/math/pgfmath.code.tex))
(/usr/local/texlive/2016/texmf-dist/tex/generic/pgf/utilities/pgffor.code.tex
Package: pgffor 2013/12/13 v3.0.1a (rcs-revision 1.25)

(/usr/local/texlive/2016/texmf-dist/tex/generic/pgf/math/pgfmath.code.tex)
\pgffor@iter=\dimen163
\pgffor@skip=\dimen164
\pgffor@stack=\toks31
\pgffor@toks=\toks32
))
(/usr/local/texlive/2016/texmf-dist/tex/generic/pgf/frontendlayer/tikz/tikz.cod
e.tex
Package: tikz 2015/08/07 v3.0.1a (rcs-revision 1.151)

(/usr/local/texlive/2016/texmf-dist/tex/generic/pgf/libraries/pgflibraryplothan
dlers.code.tex
File: pgflibraryplothandlers.code.tex 2013/08/31 v3.0.1a (rcs-revision 1.20)
\pgf@plot@mark@count=\count123
\pgfplotmarksize=\dimen165
)
\tikz@lastx=\dimen166
\tikz@lasty=\dimen167
\tikz@lastxsaved=\dimen168
\tikz@lastysaved=\dimen169
\tikzleveldistance=\dimen170
\tikzsiblingdistance=\dimen171
\tikz@figbox=\box35
\tikz@figbox@bg=\box36
\tikz@tempbox=\box37
\tikz@tempbox@bg=\box38
\tikztreelevel=\count124
\tikznumberofchildren=\count125
\tikznumberofcurrentchild=\count126
\tikz@fig@count=\count127

(/usr/local/texlive/2016/texmf-dist/tex/generic/pgf/modules/pgfmodulematrix.cod
e.tex
File: pgfmodulematrix.code.tex 2013/09/17  (rcs-revision 1.8)
\pgfmatrixcurrentrow=\count128
\pgfmatrixcurrentcolumn=\count129
\pgf@matrix@numberofcolumns=\count130
)
\tikz@expandcount=\count131

(/usr/local/texlive/2016/texmf-dist/tex/generic/pgf/frontendlayer/tikz/librarie
s/tikzlibrarytopaths.code.tex
File: tikzlibrarytopaths.code.tex 2008/06/17 v3.0.1a (rcs-revision 1.2)
)))
(/usr/local/texlive/2016/texmf-dist/tex/latex/listings/listings.sty
\lst@mode=\count132
\lst@gtempboxa=\box39
\lst@token=\toks33
\lst@length=\count133
\lst@currlwidth=\dimen172
\lst@column=\count134
\lst@pos=\count135
\lst@lostspace=\dimen173
\lst@width=\dimen174
\lst@newlines=\count136
\lst@lineno=\count137
\lst@maxwidth=\dimen175

(/usr/local/texlive/2016/texmf-dist/tex/latex/listings/lstmisc.sty
File: lstmisc.sty 2015/06/04 1.6 (Carsten Heinz)
\c@lstnumber=\count138
\lst@skipnumbers=\count139
\lst@framebox=\box40
)
(/usr/local/texlive/2016/texmf-dist/tex/latex/listings/listings.cfg
File: listings.cfg 2015/06/04 1.6 listings configuration
))
Package: listings 2015/06/04 1.6 (Carsten Heinz)

(/usr/local/texlive/2016/texmf-dist/tex/latex/minted/minted.sty
Package: minted 2015/09/09 v2.1 Yet another Pygments shim for LaTeX

(/usr/local/texlive/2016/texmf-dist/tex/latex/fancyvrb/fancyvrb.sty
Package: fancyvrb 2008/02/07

Style option: `fancyvrb' v2.7a, with DG/SPQR fixes, and firstline=lastline fix 
<2008/02/07> (tvz)
\FV@CodeLineNo=\count140
\FV@InFile=\read2
\FV@TabBox=\box41
\c@FancyVerbLine=\count141
\FV@StepNumber=\count142
\FV@OutFile=\write4
)
(/usr/local/texlive/2016/texmf-dist/tex/latex/float/float.sty
Package: float 2001/11/08 v1.3d Float enhancements (AL)
\c@float@type=\count143
\float@exts=\toks34
\float@box=\box42
\@float@everytoks=\toks35
\@floatcapt=\box43
)
(/usr/local/texlive/2016/texmf-dist/tex/latex/base/ifthen.sty
Package: ifthen 2014/09/29 v1.1c Standard LaTeX ifthen package (DPC)
)
(/usr/local/texlive/2016/texmf-dist/tex/latex/tools/calc.sty
Package: calc 2014/10/28 v4.3 Infix arithmetic (KKT,FJ)
\calc@Acount=\count144
\calc@Bcount=\count145
\calc@Adimen=\dimen176
\calc@Bdimen=\dimen177
\calc@Askip=\skip47
\calc@Bskip=\skip48
LaTeX Info: Redefining \setlength on input line 80.
LaTeX Info: Redefining \addtolength on input line 81.
\calc@Ccount=\count146
\calc@Cskip=\skip49
)
(/usr/local/texlive/2016/texmf-dist/tex/latex/ifplatform/ifplatform.sty
Package: ifplatform 2010/10/22 v0.4 Testing for the operating system

(/usr/local/texlive/2016/texmf-dist/tex/generic/oberdiek/catchfile.sty
Package: catchfile 2016/05/16 v1.7 Catch the contents of a file (HO)
)
runsystem(uname -s > "GiordiAzonos_G14SCD_MScDissertation.w18")...executed.


(./GiordiAzonos_G14SCD_MScDissertation.w18)
runsystem(rm -- "GiordiAzonos_G14SCD_MScDissertation.w18")...executed.

)
(/usr/local/texlive/2016/texmf-dist/tex/latex/etoolbox/etoolbox.sty
Package: etoolbox 2015/08/02 v2.2a e-TeX tools for LaTeX (JAW)
\etb@tempcnta=\count147
)
(/usr/local/texlive/2016/texmf-dist/tex/generic/xstring/xstring.sty
(/usr/local/texlive/2016/texmf-dist/tex/generic/xstring/xstring.tex
\@xs@message=\write5
\integerpart=\count148
\decimalpart=\count149
)
Package: xstring 2013/10/13  v1.7c  String manipulations (C Tellechea)
)
(/usr/local/texlive/2016/texmf-dist/tex/latex/lineno/lineno.sty
Package: lineno 2005/11/02 line numbers on paragraphs v4.41
\linenopenalty=\count150
\output=\toks36
\linenoprevgraf=\count151
\linenumbersep=\dimen178
\linenumberwidth=\dimen179
\c@linenumber=\count152
\c@pagewiselinenumber=\count153
\c@LN@truepage=\count154
\c@internallinenumber=\count155
\c@internallinenumbers=\count156
\quotelinenumbersep=\dimen180
\bframerule=\dimen181
\bframesep=\dimen182
\bframebox=\box44
LaTeX Info: Redefining \\ on input line 3056.
)
\minted@appexistsfile=\read3
\FV@BreakIndent=\dimen183
\FV@BreakSymbolSepLeft=\dimen184
\FV@BreakSymbolSepRight=\dimen185
\FV@BreakSymbolIndentLeft=\dimen186
\FV@BreakSymbolIndentRight=\dimen187
\c@FancyVerbLineBreakLast=\count157
\FV@LineBox=\box45
\FV@LineIndentBox=\box46
\minted@bgbox=\box47
\minted@code=\write6
\c@minted@FancyVerbLineTemp=\count158
\@float@every@listing=\toks37
\c@listing=\count159
)
runsystem(mkdir -p "_minted-GiordiAzonos_G14SCD_MScDissertation")...executed.


(./_minted-GiordiAzonos_G14SCD_MScDissertation/default.pygstyle)
(/usr/local/texlive/2016/texmf-dist/tex/latex/caption/caption.sty
Package: caption 2016/02/21 v3.3-144 Customizing captions (AR)

(/usr/local/texlive/2016/texmf-dist/tex/latex/caption/caption3.sty
Package: caption3 2016/02/04 v1.7-139 caption3 kernel (AR)
Package caption3 Info: TeX engine: e-TeX on input line 67.
\captionmargin=\dimen188
\captionmargin@=\dimen189
\captionwidth=\dimen190
\caption@tempdima=\dimen191
\caption@indent=\dimen192
\caption@parindent=\dimen193
\caption@hangindent=\dimen194
)
\c@ContinuedFloat=\count160
Package caption Info: float package is loaded.
Package caption Info: hyperref package is loaded.
Package caption Info: listings package is loaded.
)
(/usr/local/texlive/2016/texmf-dist/tex/latex/pdfpages/pdfpages.sty
Package: pdfpages 2016/04/19 v0.5f Insert pages of external PDF documents (AM)

(/usr/local/texlive/2016/texmf-dist/tex/latex/eso-pic/eso-pic.sty
Package: eso-pic 2015/07/21 v2.0g eso-pic (RN)
)
\AM@pagewidth=\dimen195
\AM@pageheight=\dimen196

(/usr/local/texlive/2016/texmf-dist/tex/latex/pdfpages/pppdftex.def
File: pppdftex.def 2016/04/19 v0.5f Pdfpages driver for pdfTeX (AM)
)
\AM@pagebox=\box48
\AM@global@opts=\toks38
\AM@toc@title=\toks39
\c@AM@survey=\count161
\AM@templatesizebox=\box49
)
(/usr/local/texlive/2016/texmf-dist/tex/latex/subfig/subfig.sty
Package: subfig 2005/06/28 ver: 1.3 subfig package
\c@KVtest=\count162
\sf@farskip=\skip50
\sf@captopadj=\dimen197
\sf@capskip=\skip51
\sf@nearskip=\skip52
\c@subfigure=\count163
\c@subfigure@save=\count164
\c@lofdepth=\count165
\c@subtable=\count166
\c@subtable@save=\count167
\c@lotdepth=\count168
\sf@top=\skip53
\sf@bottom=\skip54
)
runsystem(which "pygmentize" && touch "GiordiAzonos_G14SCD_MScDissertation.aex"
)...executed.

runsystem(rm "GiordiAzonos_G14SCD_MScDissertation.aex")...executed.


(./GiordiAzonos_G14SCD_MScDissertation.aux)
\openout1 = `GiordiAzonos_G14SCD_MScDissertation.aux'.

LaTeX Font Info:    Checking defaults for OML/cmm/m/it on input line 46.
LaTeX Font Info:    ... okay on input line 46.
LaTeX Font Info:    Checking defaults for T1/cmr/m/n on input line 46.
LaTeX Font Info:    ... okay on input line 46.
LaTeX Font Info:    Checking defaults for OT1/cmr/m/n on input line 46.
LaTeX Font Info:    ... okay on input line 46.
LaTeX Font Info:    Checking defaults for OMS/cmsy/m/n on input line 46.
LaTeX Font Info:    ... okay on input line 46.
LaTeX Font Info:    Checking defaults for OMX/cmex/m/n on input line 46.
LaTeX Font Info:    ... okay on input line 46.
LaTeX Font Info:    Checking defaults for U/cmr/m/n on input line 46.
LaTeX Font Info:    ... okay on input line 46.
LaTeX Font Info:    Checking defaults for PD1/pdf/m/n on input line 46.
LaTeX Font Info:    ... okay on input line 46.

*geometry* driver: auto-detecting
*geometry* detected driver: pdftex
*geometry* verbose mode - [ preamble ] result:
* driver: pdftex
* paper: a4paper
* layout: <same size as paper>
* layoutoffset:(h,v)=(0.0pt,0.0pt)
* modes: 
* h-part:(L,W,R)=(71.13188pt, 455.24411pt, 71.13188pt)
* v-part:(T,H,B)=(71.13188pt, 702.78308pt, 71.13188pt)
* \paperwidth=597.50787pt
* \paperheight=845.04684pt
* \textwidth=455.24411pt
* \textheight=702.78308pt
* \oddsidemargin=-1.1381pt
* \evensidemargin=-1.1381pt
* \topmargin=-38.1381pt
* \headheight=12.0pt
* \headsep=25.0pt
* \topskip=12.0pt
* \footskip=30.0pt
* \marginparwidth=35.0pt
* \marginparsep=10.0pt
* \columnsep=10.0pt
* \skip\footins=10.8pt plus 4.0pt minus 2.0pt
* \hoffset=0.0pt
* \voffset=0.0pt
* \mag=1000
* \@twocolumnfalse
* \@twosidefalse
* \@mparswitchfalse
* \@reversemarginfalse
* (1in=72.27pt=25.4mm, 1cm=28.453pt)

(/usr/local/texlive/2016/texmf-dist/tex/context/base/mkii/supp-pdf.mkii
[Loading MPS to PDF converter (version 2006.09.02).]
\scratchcounter=\count169
\scratchdimen=\dimen198
\scratchbox=\box50
\nofMPsegments=\count170
\nofMParguments=\count171
\everyMPshowfont=\toks40
\MPscratchCnt=\count172
\MPscratchDim=\dimen199
\MPnumerator=\count173
\makeMPintoPDFobject=\count174
\everyMPtoPDFconversion=\toks41
) (/usr/local/texlive/2016/texmf-dist/tex/latex/oberdiek/epstopdf-base.sty
Package: epstopdf-base 2016/05/15 v2.6 Base part for package epstopdf

(/usr/local/texlive/2016/texmf-dist/tex/latex/oberdiek/grfext.sty
Package: grfext 2016/05/16 v1.2 Manage graphics extensions (HO)
)
Package grfext Info: Graphics extension search list:
(grfext)             [.png,.pdf,.jpg,.mps,.jpeg,.jbig2,.jb2,.PNG,.PDF,.JPG,.JPE
G,.JBIG2,.JB2,.eps]
(grfext)             \AppendGraphicsExtensions on input line 456.

(/usr/local/texlive/2016/texmf-dist/tex/latex/latexconfig/epstopdf-sys.cfg
File: epstopdf-sys.cfg 2010/07/13 v1.3 Configuration of (r)epstopdf for TeX Liv
e
))
\AtBeginShipoutBox=\box51
Package hyperref Info: Link coloring OFF on input line 46.

(/usr/local/texlive/2016/texmf-dist/tex/latex/hyperref/nameref.sty
Package: nameref 2012/10/27 v2.43 Cross-referencing by name of section

(/usr/local/texlive/2016/texmf-dist/tex/generic/oberdiek/gettitlestring.sty
Package: gettitlestring 2016/05/16 v1.5 Cleanup title references (HO)
)
\c@section@level=\count175
)
LaTeX Info: Redefining \ref on input line 46.
LaTeX Info: Redefining \pageref on input line 46.
LaTeX Info: Redefining \nameref on input line 46.

(./GiordiAzonos_G14SCD_MScDissertation.out)
(./GiordiAzonos_G14SCD_MScDissertation.out)
\@outlinefile=\write7
\openout7 = `GiordiAzonos_G14SCD_MScDissertation.out'.


ABD: EveryShipout initializing macros
\c@lstlisting=\count176

(./_minted-GiordiAzonos_G14SCD_MScDissertation/default-pyg-prefix.pygstyle)
Package caption Info: Begin \AtBeginDocument code.
Package caption Info: subfig package v1.3 is loaded.
Package caption Info: End \AtBeginDocument code.

(/usr/local/texlive/2016/texmf-dist/tex/latex/oberdiek/pdflscape.sty
Package: pdflscape 2016/05/14 v0.11 Display of landscape pages in PDF (HO)

(/usr/local/texlive/2016/texmf-dist/tex/latex/graphics/lscape.sty
Package: lscape 2000/10/22 v3.01 Landscape Pages (DPC)
)
Package pdflscape Info: Auto-detected driver: pdftex on input line 81.
)
\my@gap=\skip55
 [1

{/usr/local/texlive/2016/texmf-var/fonts/map/pdftex/updmap/pdftex.map}] [2]
(./GiordiAzonos_G14SCD_MScDissertation.toc
LaTeX Font Info:    Try loading font information for U+msa on input line 3.

(/usr/local/texlive/2016/texmf-dist/tex/latex/amsfonts/umsa.fd
File: umsa.fd 2013/01/14 v3.01 AMS symbols A
)
LaTeX Font Info:    Try loading font information for U+msb on input line 3.

(/usr/local/texlive/2016/texmf-dist/tex/latex/amsfonts/umsb.fd
File: umsb.fd 2013/01/14 v3.01 AMS symbols B
) [3])
\tf@toc=\write8
\openout8 = `GiordiAzonos_G14SCD_MScDissertation.toc'.

 [4]
[5]
Missing character: There is no â in font cmr12!
Missing character: There is no € in font cmr12!
Missing character: There is no ˜ in font cmr12!
Missing character: There is no â in font cmr12!
Missing character: There is no € in font cmr12!
Missing character: There is no ™ in font cmr12!
 <Figures/Kernels.png, id=252, 794.97pt x 361.35pt>
File: Figures/Kernels.png Graphic file (type png)

<use Figures/Kernels.png>
Package pdftex.def Info: Figures/Kernels.png used on input line 84.
(pdftex.def)             Requested size: 455.24411pt x 206.93654pt.
 [6 <./Figures/Kernels.png>] [7] [8] [9] [10] [11]
[12] [13] [14] [15] [16] [17] [18] [19]
LaTeX Font Info:    Try loading font information for OMS+cmr on input line 278.


(/usr/local/texlive/2016/texmf-dist/tex/latex/base/omscmr.fd
File: omscmr.fd 2014/09/29 v2.5h Standard LaTeX font definitions
)
LaTeX Font Info:    Font shape `OMS/cmr/m/n' in size <12> not available
(Font)              Font shape `OMS/cmsy/m/n' tried instead on input line 278.
 [20] [21]
[22] [23] [24]
Missing character: There is no â in font cmr12!
Missing character: There is no ˆ in font cmr12!
Missing character: There is no ’ in font cmr12!
 [25] [26] [27] [28]
<Figures/1D_fRate_ker_nystrom.png, id=593, 794.97pt x 361.35pt>
File: Figures/1D_fRate_ker_nystrom.png Graphic file (type png)

<use Figures/1D_fRate_ker_nystrom.png>
Package pdftex.def Info: Figures/1D_fRate_ker_nystrom.png used on input line 54
6.
(pdftex.def)             Requested size: 455.24411pt x 206.93654pt.
 [29] [30 <./Figures/1D_fRate_ker_nystrom.png>] [31] <Figures/1d_2bumps.png, id
=644, 505.89pt x 361.35pt>
File: Figures/1d_2bumps.png Graphic file (type png)

<use Figures/1d_2bumps.png>
Package pdftex.def Info: Figures/1d_2bumps.png used on input line 596.
(pdftex.def)             Requested size: 209.41534pt x 149.58252pt.

<Figures/1d_3bumps.png, id=645, 505.89pt x 361.35pt>
File: Figures/1d_3bumps.png Graphic file (type png)

<use Figures/1d_3bumps.png>
Package pdftex.def Info: Figures/1d_3bumps.png used on input line 598.
(pdftex.def)             Requested size: 209.41534pt x 149.58252pt.

<Figures/1d_4bumps.png, id=646, 505.89pt x 361.35pt>
File: Figures/1d_4bumps.png Graphic file (type png)

<use Figures/1d_4bumps.png>
Package pdftex.def Info: Figures/1d_4bumps.png used on input line 605.
(pdftex.def)             Requested size: 209.41534pt x 149.58252pt.

<Figures/1d_5bumps.png, id=647, 505.89pt x 361.35pt>
File: Figures/1d_5bumps.png Graphic file (type png)

<use Figures/1d_5bumps.png>
Package pdftex.def Info: Figures/1d_5bumps.png used on input line 607.
(pdftex.def)             Requested size: 209.41534pt x 149.58252pt.
 [32 <./Figures/1d_2bumps.png> <./Figures/1d_3bumps.png> <./Figures/1d_4bumps.p
ng> <./Figures/1d_5bumps.png>]
<Figures/2d_kernel.png, id=670, 435.0654pt x 381.5856pt>
File: Figures/2d_kernel.png Graphic file (type png)

<use Figures/2d_kernel.png>
Package pdftex.def Info: Figures/2d_kernel.png used on input line 646.
(pdftex.def)             Requested size: 273.14923pt x 239.5734pt.
 [33]
\openout4 = `GiordiAzonos_G14SCD_MScDissertation.pyg'.


(./_minted-GiordiAzonos_G14SCD_MScDissertation/1F4851E60178B3ED7E3EA329E0688E00
54B927143B5908B86308A2E3AF7248EE.pygtex
LaTeX Font Info:    Font shape `OT1/cmtt/bx/n' in size <10.95> not available
(Font)              Font shape `OT1/cmtt/m/n' tried instead on input line 2.
)
Package hyperref Info: bookmark level for unknown listing defaults to 0 on inpu
t line 708.

Underfull \hbox (badness 10000) in paragraph at lines 676--710

 []

[34 <./Figures/2d_kernel.png>] [35]
\openout4 = `GiordiAzonos_G14SCD_MScDissertation.pyg'.


(./_minted-GiordiAzonos_G14SCD_MScDissertation/C0616EB3029319DB9914FC21A5B078A0
54B927143B5908B86308A2E3AF7248EE.pygtex)
\openout4 = `GiordiAzonos_G14SCD_MScDissertation.pyg'.


(./_minted-GiordiAzonos_G14SCD_MScDissertation/8AE41140E97E8980D4640C591306AEFF
54B927143B5908B86308A2E3AF7248EE.pygtex) [36] [37]
Overfull \hbox (31.29607pt too wide) in paragraph at lines 820--820
[] 
 []

[38] [39] <Figures/2dRectTest1_q=2.png, id=760, 578.16pt x 433.62pt>
File: Figures/2dRectTest1_q=2.png Graphic file (type png)

<use Figures/2dRectTest1_q=2.png>
Package pdftex.def Info: Figures/2dRectTest1_q=2.png used on input line 869.
(pdftex.def)             Requested size: 318.66948pt x 239.0012pt.
 [40 <./Figures/2dRectTest1_q=2.png>]
<Figures/2dRectTest1_q=4.png, id=773, 578.16pt x 433.62pt>
File: Figures/2dRectTest1_q=4.png Graphic file (type png)

<use Figures/2dRectTest1_q=4.png>
Package pdftex.def Info: Figures/2dRectTest1_q=4.png used on input line 903.
(pdftex.def)             Requested size: 318.66948pt x 239.0012pt.
 [41 <./Figures/2dRectTest1_q=4.png>]
Overfull \hbox (6.12766pt too wide) in paragraph at lines 917--959
 [][] 
 []

<Figures/2dRectTest2_q=4_case1.png, id=792, 578.16pt x 433.62pt>
File: Figures/2dRectTest2_q=4_case1.png Graphic file (type png)

<use Figures/2dRectTest2_q=4_case1.png>
Package pdftex.def Info: Figures/2dRectTest2_q=4_case1.png used on input line 9
65.
(pdftex.def)             Requested size: 318.66948pt x 239.0012pt.
 [42]
<Figures/2dRectTest2_q=4_case2.png, id=801, 578.16pt x 433.62pt>
File: Figures/2dRectTest2_q=4_case2.png Graphic file (type png)

<use Figures/2dRectTest2_q=4_case2.png>
Package pdftex.def Info: Figures/2dRectTest2_q=4_case2.png used on input line 9
73.
(pdftex.def)             Requested size: 318.66948pt x 239.0012pt.

<Figures/2dRectTest2_q=4_case3.png, id=802, 578.16pt x 433.62pt>
File: Figures/2dRectTest2_q=4_case3.png Graphic file (type png)

<use Figures/2dRectTest2_q=4_case3.png>
Package pdftex.def Info: Figures/2dRectTest2_q=4_case3.png used on input line 9
81.
(pdftex.def)             Requested size: 318.66948pt x 239.0012pt.
 [43 <./Figures/2dRectTest2_q=4_case1.png> <./Figures/2dRectTest2_q=4_case2.png
>]
Overfull \hbox (12.01035pt too wide) in paragraph at lines 995--995
[] 
 []

[44 <./Figures/2dRectTest2_q=4_case3.png>]
<Figures/2dRect_IC1_3249points.png, id=838, 600.2425pt x 879.285pt>
File: Figures/2dRect_IC1_3249points.png Graphic file (type png)

<use Figures/2dRect_IC1_3249points.png>
Package pdftex.def Info: Figures/2dRect_IC1_3249points.png used on input line 1
005.
(pdftex.def)             Requested size: 364.19667pt x 533.51872pt.
 [45]
<Figures/2dRect_IC2_3249points.png, id=849, 606.265pt x 716.6775pt>
File: Figures/2dRect_IC2_3249points.png Graphic file (type png)

<use Figures/2dRect_IC2_3249points.png>
Package pdftex.def Info: Figures/2dRect_IC2_3249points.png used on input line 1
013.
(pdftex.def)             Requested size: 364.19667pt x 430.5238pt.
 [46 <./Figures/2dRect_IC1_3249points.png>] [47 <./Figures/2dRect_IC2_3249point
s.png>] [48] [49]
<Figures/tri_mesh.png, id=901, 433.62pt x 289.08pt>
File: Figures/tri_mesh.png Graphic file (type png)
 <use Figures/tri_mesh.png>
Package pdftex.def Info: Figures/tri_mesh.png used on input line 1144.
(pdftex.def)             Requested size: 227.62206pt x 151.74721pt.

[50 <./Figures/tri_mesh.png>]
<Figures/f_tri_mesh.png, id=914, 578.16pt x 289.08pt>
File: Figures/f_tri_mesh.png Graphic file (type png)

<use Figures/f_tri_mesh.png>
Package pdftex.def Info: Figures/f_tri_mesh.png used on input line 1163.
(pdftex.def)             Requested size: 273.14923pt x 136.57336pt.
\openout4 = `GiordiAzonos_G14SCD_MScDissertation.pyg'.


(./_minted-GiordiAzonos_G14SCD_MScDissertation/9702FA0A898619419AAFA52AC1D9A38B
54B927143B5908B86308A2E3AF7248EE.pygtex) [51 <./Figures/f_tri_mesh.png>]
[52] <Figures/Connectivity.png, id=944, 578.16pt x 433.62pt>
File: Figures/Connectivity.png Graphic file (type png)

<use Figures/Connectivity.png>
Package pdftex.def Info: Figures/Connectivity.png used on input line 1277.
(pdftex.def)             Requested size: 227.62206pt x 170.71231pt.
 [53]
<Figures/interior_points.png, id=958, 433.62pt x 289.08pt>
File: Figures/interior_points.png Graphic file (type png)

<use Figures/interior_points.png>
Package pdftex.def Info: Figures/interior_points.png used on input line 1287.
(pdftex.def)             Requested size: 227.62206pt x 151.74721pt.
\openout4 = `GiordiAzonos_G14SCD_MScDissertation.pyg'.


(./_minted-GiordiAzonos_G14SCD_MScDissertation/FD9041AA315D10D84FCF5CDC7522C2BF
54B927143B5908B86308A2E3AF7248EE.pygtex) [54 <./Figures/Connectivity.png> <./Fi
gures/interior_points.png>]
\openout4 = `GiordiAzonos_G14SCD_MScDissertation.pyg'.


(./_minted-GiordiAzonos_G14SCD_MScDissertation/4A9F57F72F1D71F55B6BA3697DA77541
54B927143B5908B86308A2E3AF7248EE.pygtex) [55] [56]
\openout4 = `GiordiAzonos_G14SCD_MScDissertation.pyg'.


(./_minted-GiordiAzonos_G14SCD_MScDissertation/EAFBBEBBA45056D4BDEAED616F230A74
54B927143B5908B86308A2E3AF7248EE.pygtex) [57]
\openout4 = `GiordiAzonos_G14SCD_MScDissertation.pyg'.


(./_minted-GiordiAzonos_G14SCD_MScDissertation/E0D1C865AEBCB2BB42BD2998E82D041F
54B927143B5908B86308A2E3AF7248EE.pygtex)
<Figures/Mesh_With_3_Interior_Points.png, id=1001, 650.43pt x 433.62pt>
File: Figures/Mesh_With_3_Interior_Points.png Graphic file (type png)

<use Figures/Mesh_With_3_Interior_Points.png>
Package pdftex.def Info: Figures/Mesh_With_3_Interior_Points.png used on input 
line 1440.
(pdftex.def)             Requested size: 364.19667pt x 242.8057pt.
 [58] [59 <./Figures/Mesh_With_3_Interior_Points.png>]
Overfull \hbox (28.61575pt too wide) in paragraph at lines 1475--1475
[] 
 []

[60] <Figures/2dTriTest1_q=2,Ng=3.png, id=1037, 578.16pt x 433.62pt>
File: Figures/2dTriTest1_q=2,Ng=3.png Graphic file (type png)

<use Figures/2dTriTest1_q=2,Ng=3.png>
Package pdftex.def Info: Figures/2dTriTest1_q=2,Ng=3.png used on input line 152
4.
(pdftex.def)             Requested size: 318.66948pt x 239.0012pt.
 [61]

LaTeX Warning: Reference `' on page 62 undefined on input line 1535.

[62 <./Figures/2dTriTest1_q=2,Ng=3.png>]
<Figures/2dTriTest1_q=4,Ng=5.png, id=1056, 578.16pt x 433.62pt>
File: Figures/2dTriTest1_q=4,Ng=5.png Graphic file (type png)

<use Figures/2dTriTest1_q=4,Ng=5.png>
Package pdftex.def Info: Figures/2dTriTest1_q=4,Ng=5.png used on input line 155
7.
(pdftex.def)             Requested size: 318.66948pt x 239.0012pt.
 [63 <./Figures/2dTriTest1_q=4,Ng=5.png>]
Overfull \hbox (23.75247pt too wide) in paragraph at lines 1574--1613
 [][] 
 []

<Figures/2dTriTest2_case1.png, id=1073, 578.16pt x 433.62pt>
File: Figures/2dTriTest2_case1.png Graphic file (type png)

<use Figures/2dTriTest2_case1.png>
Package pdftex.def Info: Figures/2dTriTest2_case1.png used on input line 1619.
(pdftex.def)             Requested size: 318.66948pt x 239.0012pt.
 [64]
<Figures/2dTriTest2_case2.png, id=1082, 578.16pt x 433.62pt>
File: Figures/2dTriTest2_case2.png Graphic file (type png)

<use Figures/2dTriTest2_case2.png>
Package pdftex.def Info: Figures/2dTriTest2_case2.png used on input line 1627.
(pdftex.def)             Requested size: 318.66948pt x 239.0012pt.

<Figures/2dTriTest2_case3.png, id=1083, 578.16pt x 433.62pt>
File: Figures/2dTriTest2_case3.png Graphic file (type png)

<use Figures/2dTriTest2_case3.png>
Package pdftex.def Info: Figures/2dTriTest2_case3.png used on input line 1635.
(pdftex.def)             Requested size: 318.66948pt x 239.0012pt.
 [65 <./Figures/2dTriTest2_case1.png> <./Figures/2dTriTest2_case2.png>]
Overfull \hbox (12.01035pt too wide) in paragraph at lines 1652--1652
[] 
 []

[66 <./Figures/2dTriTest2_case3.png>]
<Figures/2dTri_IC1_440elems.png, id=1110, 604.2575pt x 714.67pt>
File: Figures/2dTri_IC1_440elems.png Graphic file (type png)

<use Figures/2dTri_IC1_440elems.png>
Package pdftex.def Info: Figures/2dTri_IC1_440elems.png used on input line 1666
.
(pdftex.def)             Requested size: 364.19667pt x 430.74638pt.
 [67]
<Figures/2dTri_IC1_1234elems.png, id=1122, 602.25pt x 714.67pt>
File: Figures/2dTri_IC1_1234elems.png Graphic file (type png)

<use Figures/2dTri_IC1_1234elems.png>
Package pdftex.def Info: Figures/2dTri_IC1_1234elems.png used on input line 167
4.
(pdftex.def)             Requested size: 364.19667pt x 432.19675pt.
 [68 <./Figures/2dTri_IC1_440elems.png>]
[69 <./Figures/2dTri_IC1_1234elems.png>]
<Figures/2dTri_IC2_440elems.png, id=1141, 597.23125pt x 709.65125pt>
File: Figures/2dTri_IC2_440elems.png Graphic file (type png)

<use Figures/2dTri_IC2_440elems.png>
Package pdftex.def Info: Figures/2dTri_IC2_440elems.png used on input line 1688
.
(pdftex.def)             Requested size: 364.19667pt x 432.75668pt.

<Figures/2dTri_IC2_1234elems.png, id=1146, 602.25pt x 708.6475pt>
File: Figures/2dTri_IC2_1234elems.png Graphic file (type png)

<use Figures/2dTri_IC2_1234elems.png>
Package pdftex.def Info: Figures/2dTri_IC2_1234elems.png used on input line 169
7.
(pdftex.def)             Requested size: 364.19667pt x 428.55466pt.
 [70 <./Figures/2dTri_IC2_440elems.png>]
[71 <./Figures/2dTri_IC2_1234elems.png>]
<Figures/2D_Wizard_Hat_Kernel.png, id=1171, 438.6789pt x 353.4003pt>
File: Figures/2D_Wizard_Hat_Kernel.png Graphic file (type png)

<use Figures/2D_Wizard_Hat_Kernel.png>
Package pdftex.def Info: Figures/2D_Wizard_Hat_Kernel.png used on input line 17
29.
(pdftex.def)             Requested size: 227.62206pt x 183.37016pt.
 [72 <./Figures/2D_Wizard_Hat_Kernel.png>] [73] [74] <Figures/AdaptFFT_L=80.png
, id=1225, 598.235pt x 714.67pt>
File: Figures/AdaptFFT_L=80.png Graphic file (type png)

<use Figures/AdaptFFT_L=80.png>
Package pdftex.def Info: Figures/AdaptFFT_L=80.png used on input line 1788.
(pdftex.def)             Requested size: 364.19667pt x 435.08656pt.

<Figures/AdaptFFT_L=60.png, id=1226, 586.19pt x 717.68124pt>
File: Figures/AdaptFFT_L=60.png Graphic file (type png)

<use Figures/AdaptFFT_L=60.png>
Package pdftex.def Info: Figures/AdaptFFT_L=60.png used on input line 1796.
(pdftex.def)             Requested size: 364.19667pt x 445.8886pt.
 [75] [76 <./Figures/AdaptFFT_L=80.png>]
[77 <./Figures/AdaptFFT_L=60.png>]
<Figures/Adapt_8838elems_(p4)h.png, id=1261, 722.7pt x 289.08pt>
File: Figures/Adapt_8838elems_(p4)h.png Graphic file (type png)

<use Figures/Adapt_8838elems_(p4)h.png>
Package pdftex.def Info: Figures/Adapt_8838elems_(p4)h.png used on input line 1
840.
(pdftex.def)             Requested size: 364.19667pt x 145.67767pt.

<Figures/Adapt_8838elems_(p5)h.png, id=1262, 722.7pt x 289.08pt>
File: Figures/Adapt_8838elems_(p5)h.png Graphic file (type png)

<use Figures/Adapt_8838elems_(p5)h.png>
Package pdftex.def Info: Figures/Adapt_8838elems_(p5)h.png used on input line 1
848.
(pdftex.def)             Requested size: 364.19667pt x 145.67767pt.

<Figures/Adapt_2746elems_(p6)h.png, id=1263, 722.7pt x 289.08pt>
File: Figures/Adapt_2746elems_(p6)h.png Graphic file (type png)

<use Figures/Adapt_2746elems_(p6)h.png>
Package pdftex.def Info: Figures/Adapt_2746elems_(p6)h.png used on input line 1
856.
(pdftex.def)             Requested size: 364.19667pt x 145.67767pt.
 [78 <./Figures/Adapt_8838elems_(p4)h.png>] [79 <./Figures/Adapt_8838elems_(p5)
h.png> <./Figures/Adapt_2746elems_(p6)h.png>]
Underfull \hbox (badness 10000) in paragraph at lines 1865--1869

 []

[80]
\openout4 = `GiordiAzonos_G14SCD_MScDissertation.pyg'.


(./_minted-GiordiAzonos_G14SCD_MScDissertation/C31BD37890811B9F92C29BD5C3CA6B7B
54B927143B5908B86308A2E3AF7248EE.pygtex)
\openout4 = `GiordiAzonos_G14SCD_MScDissertation.pyg'.


(./_minted-GiordiAzonos_G14SCD_MScDissertation/600DD45AB20207E9565BB991DE48F0A2
54B927143B5908B86308A2E3AF7248EE.pygtex)
\openout4 = `GiordiAzonos_G14SCD_MScDissertation.pyg'.


(./_minted-GiordiAzonos_G14SCD_MScDissertation/E60FD02F7A615A82E1E0137AB023A7CD
54B927143B5908B86308A2E3AF7248EE.pygtex)
\openout4 = `GiordiAzonos_G14SCD_MScDissertation.pyg'.


(./_minted-GiordiAzonos_G14SCD_MScDissertation/B1452759B4A532E8B5AF563E9F0BA70F
54B927143B5908B86308A2E3AF7248EE.pygtex)
<2dNystTriang_Main_files/2dNystTriang_Main_5_0.png, id=1287, 396.48125pt x 290.
08376pt>
File: 2dNystTriang_Main_files/2dNystTriang_Main_5_0.png Graphic file (type png)

 <use 2dNystTriang_Main_files/2dNystTriang_Main_5_0.png>
Package pdftex.def Info: 2dNystTriang_Main_files/2dNystTriang_Main_5_0.png used
 on input line 1958.
(pdftex.def)             Requested size: 273.14923pt x 199.85258pt.
 [81]
\openout4 = `GiordiAzonos_G14SCD_MScDissertation.pyg'.


(./_minted-GiordiAzonos_G14SCD_MScDissertation/D4233F5034DCDB5B7331F9B1618C31CE
54B927143B5908B86308A2E3AF7248EE.pygtex)
\openout4 = `GiordiAzonos_G14SCD_MScDissertation.pyg'.


(./_minted-GiordiAzonos_G14SCD_MScDissertation/ECD10A008FD6F61B9CE64EB8ABD52BE3
54B927143B5908B86308A2E3AF7248EE.pygtex)
\openout4 = `GiordiAzonos_G14SCD_MScDissertation.pyg'.


(./_minted-GiordiAzonos_G14SCD_MScDissertation/8E4D51FA800BBE9DD0CAA78D99B869E2
54B927143B5908B86308A2E3AF7248EE.pygtex [82 <./2dNystTriang_Main_files/2dNystTr
iang_Main_5_0.png>])
\openout4 = `GiordiAzonos_G14SCD_MScDissertation.pyg'.


(./_minted-GiordiAzonos_G14SCD_MScDissertation/A39A252E8C926629F361D2C5BF8FF0FD
54B927143B5908B86308A2E3AF7248EE.pygtex)
\openout4 = `GiordiAzonos_G14SCD_MScDissertation.pyg'.


(./_minted-GiordiAzonos_G14SCD_MScDissertation/F5F24B9A2430AEBA48DC2B3F28FA3C47
54B927143B5908B86308A2E3AF7248EE.pygtex)
\openout4 = `GiordiAzonos_G14SCD_MScDissertation.pyg'.


(./_minted-GiordiAzonos_G14SCD_MScDissertation/7E4544893D778FBD65814DD933EBE0BD
54B927143B5908B86308A2E3AF7248EE.pygtex)
\openout4 = `GiordiAzonos_G14SCD_MScDissertation.pyg'.


(./_minted-GiordiAzonos_G14SCD_MScDissertation/49DFD45C6EB1025B9ABD598C559EDCB7
54B927143B5908B86308A2E3AF7248EE.pygtex [83])
\openout4 = `GiordiAzonos_G14SCD_MScDissertation.pyg'.


(./_minted-GiordiAzonos_G14SCD_MScDissertation/43C1F376827AAC0406426DF54A9778C2
54B927143B5908B86308A2E3AF7248EE.pygtex)
\openout4 = `GiordiAzonos_G14SCD_MScDissertation.pyg'.


(./_minted-GiordiAzonos_G14SCD_MScDissertation/1A4F66B626FE72AC7A29B914C9C71799
54B927143B5908B86308A2E3AF7248EE.pygtex)
<2dNystTriang_Main_files/2dNystTriang_Main_16_0.png, id=1303, 879.285pt x 211.7
9124pt>
File: 2dNystTriang_Main_files/2dNystTriang_Main_16_0.png Graphic file (type png
)
 <use 2dNystTriang_Main_files/2dNystTriang_Main_16_0.png>
Package pdftex.def Info: 2dNystTriang_Main_files/2dNystTriang_Main_16_0.png use
d on input line 2112.
(pdftex.def)             Requested size: 455.24411pt x 109.65056pt.
 [84] [85 <./2dNystTriang_Main_files/2dNystTriang_Main_16_0.png>] [86] [87]
\openout4 = `GiordiAzonos_G14SCD_MScDissertation.pyg'.


(./_minted-GiordiAzonos_G14SCD_MScDissertation/B479FE6C562564A20AED9F45D68D0F30
54B927143B5908B86308A2E3AF7248EE.pygtex [88])
\openout4 = `GiordiAzonos_G14SCD_MScDissertation.pyg'.


(./_minted-GiordiAzonos_G14SCD_MScDissertation/650ABFEF02C1FB4018107C5ABFF10780
54B927143B5908B86308A2E3AF7248EE.pygtex [89])
\openout4 = `GiordiAzonos_G14SCD_MScDissertation.pyg'.


(./_minted-GiordiAzonos_G14SCD_MScDissertation/C5930F4966155F4FB23422E0A676E884
54B927143B5908B86308A2E3AF7248EE.pygtex [90])
\openout4 = `GiordiAzonos_G14SCD_MScDissertation.pyg'.


(./_minted-GiordiAzonos_G14SCD_MScDissertation/A0561472A64ECAE738658F6A83550347
54B927143B5908B86308A2E3AF7248EE.pygtex [91])
\openout4 = `GiordiAzonos_G14SCD_MScDissertation.pyg'.


(./_minted-GiordiAzonos_G14SCD_MScDissertation/1A5EEF5BD46F579FCE675271736B1793
54B927143B5908B86308A2E3AF7248EE.pygtex [92])
\openout4 = `GiordiAzonos_G14SCD_MScDissertation.pyg'.


(./_minted-GiordiAzonos_G14SCD_MScDissertation/FC540579CADE0616A0881CDE561B5961
54B927143B5908B86308A2E3AF7248EE.pygtex [93] [94])
\openout4 = `GiordiAzonos_G14SCD_MScDissertation.pyg'.


(./_minted-GiordiAzonos_G14SCD_MScDissertation/1C6E7316C90D656CB2D192C513ABB015
54B927143B5908B86308A2E3AF7248EE.pygtex) [95]
(./GiordiAzonos_G14SCD_MScDissertation.bbl [96] [97] [98])
runsystem(rm "GiordiAzonos_G14SCD_MScDissertation.pyg")...executed.

 [99]
Package atveryend Info: Empty hook `BeforeClearDocument' on input line 2553.
Package atveryend Info: Empty hook `AfterLastShipout' on input line 2553.

(./GiordiAzonos_G14SCD_MScDissertation.aux)
Package atveryend Info: Executing hook `AtVeryEndDocument' on input line 2553.
Package atveryend Info: Executing hook `AtEndAfterFileList' on input line 2553.

Package rerunfilecheck Info: File `GiordiAzonos_G14SCD_MScDissertation.out' has
 not changed.
(rerunfilecheck)             Checksum: 72BB7C0C73B436B98392B621E679C9C5;2834.


LaTeX Warning: There were undefined references.

Package atveryend Info: Empty hook `AtVeryVeryEnd' on input line 2553.
 ) 
Here is how much of TeX's memory you used:
 22680 strings out of 493014
 427264 string characters out of 6133351
 538926 words of memory out of 5000000
 25301 multiletter control sequences out of 15000+600000
 15501 words of font info for 59 fonts, out of 8000000 for 9000
 1141 hyphenation exceptions out of 8191
 55i,18n,54p,2554b,691s stack positions out of 5000i,500n,10000p,200000b,80000s
</usr/local/texlive/2016/texmf-dist/fonts/type1/public/amsfonts/cm/cmbx10.pfb
></usr/local/texlive/2016/texmf-dist/fonts/type1/public/amsfonts/cm/cmbx12.pfb>
</usr/local/texlive/2016/texmf-dist/fonts/type1/public/amsfonts/cm/cmbx8.pfb></
usr/local/texlive/2016/texmf-dist/fonts/type1/public/amsfonts/cm/cmex10.pfb></u
sr/local/texlive/2016/texmf-dist/fonts/type1/public/amsfonts/cm/cmitt10.pfb></u
sr/local/texlive/2016/texmf-dist/fonts/type1/public/amsfonts/cm/cmmi10.pfb></us
r/local/texlive/2016/texmf-dist/fonts/type1/public/amsfonts/cm/cmmi12.pfb></usr
/local/texlive/2016/texmf-dist/fonts/type1/public/amsfonts/cm/cmmi6.pfb></usr/l
ocal/texlive/2016/texmf-dist/fonts/type1/public/amsfonts/cm/cmmi7.pfb></usr/loc
al/texlive/2016/texmf-dist/fonts/type1/public/amsfonts/cm/cmmi8.pfb></usr/local
/texlive/2016/texmf-dist/fonts/type1/public/amsfonts/cm/cmr10.pfb></usr/local/t
exlive/2016/texmf-dist/fonts/type1/public/amsfonts/cm/cmr12.pfb></usr/local/tex
live/2016/texmf-dist/fonts/type1/public/amsfonts/cm/cmr17.pfb></usr/local/texli
ve/2016/texmf-dist/fonts/type1/public/amsfonts/cm/cmr6.pfb></usr/local/texlive/
2016/texmf-dist/fonts/type1/public/amsfonts/cm/cmr7.pfb></usr/local/texlive/201
6/texmf-dist/fonts/type1/public/amsfonts/cm/cmr8.pfb></usr/local/texlive/2016/t
exmf-dist/fonts/type1/public/amsfonts/cm/cmsy10.pfb></usr/local/texlive/2016/te
xmf-dist/fonts/type1/public/amsfonts/cm/cmsy6.pfb></usr/local/texlive/2016/texm
f-dist/fonts/type1/public/amsfonts/cm/cmsy8.pfb></usr/local/texlive/2016/texmf-
dist/fonts/type1/public/amsfonts/cm/cmti10.pfb></usr/local/texlive/2016/texmf-d
ist/fonts/type1/public/amsfonts/cm/cmti12.pfb></usr/local/texlive/2016/texmf-di
st/fonts/type1/public/amsfonts/cm/cmtt10.pfb></usr/local/texlive/2016/texmf-dis
t/fonts/type1/public/amsfonts/cm/cmtt12.pfb></usr/local/texlive/2016/texmf-dist
/fonts/type1/public/amsfonts/symbols/msbm10.pfb>
Output written on GiordiAzonos_G14SCD_MScDissertation.pdf (99 pages, 1935796 by
tes).
PDF statistics:
 1550 PDF objects out of 1728 (max. 8388607)
 1321 compressed objects within 14 object streams
 417 named destinations out of 1000 (max. 500000)
 513 words of extra memory for PDF output out of 10000 (max. 10000000)

